This file contains any messages produced by compilers while
running configure, to aid debugging if configure makes a mistake.

It was created by libatomic_ops configure 1.2, which was
generated by GNU Autoconf 2.59.  Invocation command line was

  $ /Users/red/Projects/ecl/ecl-git/src/gc/libatomic_ops/configure --prefix=/Users/red/Projects/ecl/ecl-git/build --disable-shared --includedir=/Users/red/Projects/ecl/ecl-git/build/ecl/gc/ --libdir=/Users/red/Projects/ecl/ecl-git/build --build= --host=arm-apple-darwin --disable-threads build_alias= host_alias=arm-apple-darwin CC=/Developer/Platforms/iPhoneOS.platform/Developer/usr/bin/gcc-4.0 -arch armv6 -fPIC -fno-common CFLAGS=-DGC_BUILD -arch armv6 -pipe -std=c99 -Wno-trigraphs -fpascal-strings -fasm-blocks -O0 -Wreturn-type -Wunused-variable -fmessage-length=0 -fvisibility=hidden -miphoneos-version-min=2.0 -gdwarf-2 -mthumb -miphoneos-version-min=2.0 -I/Library/iPhone/include -isysroot /Developer/Platforms/iPhoneOS.platform/Developer/SDKs/iPhoneOS2.0.sdk -g -O0 LDFLAGS=-arch armv6 -pipe -std=c99 -gdwarf-2 -mthumb -I/Library/iPhone/include -isysroot /Developer/Platforms/iPhoneOS.platform/Developer/SDKs/iPhoneOS2.0.sdk CPP=/Developer/Platforms/iPhoneOS.platform/Developer/usr/bin/cpp --cache-file=/dev/null --srcdir=/Users/red/Projects/ecl/ecl-git/src/gc/libatomic_ops

## --------- ##
## Platform. ##
## --------- ##

hostname = fun.Stanford.EDU
uname -m = i386
uname -r = 9.6.0
uname -s = Darwin
uname -v = Darwin Kernel Version 9.6.0: Mon Nov 24 17:37:00 PST 2008; root:xnu-1228.9.59~1/RELEASE_I386

/usr/bin/uname -p = i386
/bin/uname -X     = unknown

/bin/arch              = unknown
/usr/bin/arch -k       = unknown
/usr/convex/getsysinfo = unknown
hostinfo               = Mach kernel version:
	 Darwin Kernel Version 9.6.0: Mon Nov 24 17:37:00 PST 2008; root:xnu-1228.9.59~1/RELEASE_I386
Kernel configured for up to 2 processors.
2 processors are physically available.
2 processors are logically available.
Processor type: i486 (Intel 80486)
Processors active: 0 1
Primary memory available: 2.50 gigabytes
Default processor set: 130 tasks, 415 threads, 2 processors
Load average: 2.27, Mach factor: 0.64
/bin/machine           = unknown
/usr/bin/oslevel       = unknown
/bin/universe          = unknown

PATH: /Users/red/bin
PATH: /usr/bin
PATH: /bin
PATH: /usr/sbin
PATH: /sbin
PATH: /usr/local/bin
PATH: /usr/X11/bin
PATH: /opt/local/bin
PATH: /usr/local/git/bin
PATH: /usr/texbin
PATH: /Users/red/bin
PATH: /usr/local/git/bin


## ----------- ##
## Core tests. ##
## ----------- ##

configure:1356: checking build system type
configure:1374: result: i386-apple-darwin9.6.0
configure:1382: checking host system type
configure:1396: result: arm-apple-darwin
configure:1404: checking target system type
configure:1418: result: arm-apple-darwin
configure:1447: checking for a BSD-compatible install
configure:1502: result: /usr/bin/install -c
configure:1513: checking whether build environment is sane
configure:1556: result: yes
configure:1621: checking for gawk
configure:1650: result: no
configure:1621: checking for mawk
configure:1650: result: no
configure:1621: checking for nawk
configure:1650: result: no
configure:1621: checking for awk
configure:1637: found /usr/bin/awk
configure:1647: result: awk
configure:1657: checking whether make sets $(MAKE)
configure:1677: result: yes
configure:1698: error: source directory already configured; run "make distclean" there first

## ---------------- ##
## Cache variables. ##
## ---------------- ##

ac_cv_build=i386-apple-darwin9.6.0
ac_cv_build_alias=i386-apple-darwin9.6.0
ac_cv_env_CCASFLAGS_set=
ac_cv_env_CCASFLAGS_value=
ac_cv_env_CCAS_set=
ac_cv_env_CCAS_value=
ac_cv_env_CC_set=set
ac_cv_env_CC_value='/Developer/Platforms/iPhoneOS.platform/Developer/usr/bin/gcc-4.0 -arch armv6 -fPIC -fno-common'
ac_cv_env_CFLAGS_set=set
ac_cv_env_CFLAGS_value='-DGC_BUILD -arch armv6 -pipe -std=c99 -Wno-trigraphs -fpascal-strings -fasm-blocks -O0 -Wreturn-type -Wunused-variable -fmessage-length=0 -fvisibility=hidden -miphoneos-version-min=2.0 -gdwarf-2 -mthumb -miphoneos-version-min=2.0 -I/Library/iPhone/include -isysroot /Developer/Platforms/iPhoneOS.platform/Developer/SDKs/iPhoneOS2.0.sdk -g -O0'
ac_cv_env_CPPFLAGS_set=
ac_cv_env_CPPFLAGS_value=
ac_cv_env_CPP_set=set
ac_cv_env_CPP_value=/Developer/Platforms/iPhoneOS.platform/Developer/usr/bin/cpp
ac_cv_env_LDFLAGS_set=set
ac_cv_env_LDFLAGS_value='-arch armv6 -pipe -std=c99 -gdwarf-2 -mthumb -I/Library/iPhone/include -isysroot /Developer/Platforms/iPhoneOS.platform/Developer/SDKs/iPhoneOS2.0.sdk'
ac_cv_env_build_alias_set=set
ac_cv_env_build_alias_value=
ac_cv_env_host_alias_set=set
ac_cv_env_host_alias_value=arm-apple-darwin
ac_cv_env_target_alias_set=
ac_cv_env_target_alias_value=
ac_cv_func_setpgrp_void=yes
ac_cv_host=arm-apple-darwin
ac_cv_host_alias=arm-apple-darwin
ac_cv_path_NM=/Developer/Platforms/iPhoneOS.platform/Developer/usr/bin/nm
ac_cv_path_install='/usr/bin/install -c'
ac_cv_prog_AWK=awk
ac_cv_prog_make_make_set=yes
ac_cv_target=arm-apple-darwin
ac_cv_target_alias=arm-apple-darwin

## ----------------- ##
## Output variables. ##
## ----------------- ##

ACLOCAL=''
AMDEPBACKSLASH=''
AMDEP_FALSE=''
AMDEP_TRUE=''
AMTAR=''
AUTOCONF=''
AUTOHEADER=''
AUTOMAKE=''
AWK='awk'
CC='/Developer/Platforms/iPhoneOS.platform/Developer/usr/bin/gcc-4.0 -arch armv6 -fPIC -fno-common'
CCAS=''
CCASFLAGS=''
CCDEPMODE=''
CFLAGS='-DGC_BUILD -arch armv6 -pipe -std=c99 -Wno-trigraphs -fpascal-strings -fasm-blocks -O0 -Wreturn-type -Wunused-variable -fmessage-length=0 -fvisibility=hidden -miphoneos-version-min=2.0 -gdwarf-2 -mthumb -miphoneos-version-min=2.0 -I/Library/iPhone/include -isysroot /Developer/Platforms/iPhoneOS.platform/Developer/SDKs/iPhoneOS2.0.sdk -g -O0'
CPP='/Developer/Platforms/iPhoneOS.platform/Developer/usr/bin/cpp'
CPPFLAGS=''
CYGPATH_W=''
DEFS=''
DEPDIR=''
ECHO_C=''
ECHO_N='-n'
ECHO_T=''
EGREP=''
EXEEXT=''
INSTALL_DATA='${INSTALL} -m 644'
INSTALL_PROGRAM='${INSTALL}'
INSTALL_SCRIPT='${INSTALL}'
INSTALL_STRIP_PROGRAM=''
LDFLAGS='-arch armv6 -pipe -std=c99 -gdwarf-2 -mthumb -I/Library/iPhone/include -isysroot /Developer/Platforms/iPhoneOS.platform/Developer/SDKs/iPhoneOS2.0.sdk'
LIBOBJS=''
LIBS=''
LTLIBOBJS=''
MAKEINFO=''
NEED_ASM_FALSE=''
NEED_ASM_TRUE=''
OBJEXT=''
PACKAGE=''
PACKAGE_BUGREPORT=''
PACKAGE_NAME='libatomic_ops'
PACKAGE_STRING='libatomic_ops 1.2'
PACKAGE_TARNAME='libatomic_ops'
PACKAGE_VERSION='1.2'
PATH_SEPARATOR=':'
PICFLAG=''
RANLIB='/Developer/Platforms/iPhoneOS.platform/Developer/usr/bin/ranlib'
SET_MAKE=''
SHELL='/bin/sh'
STRIP=''
VERSION=''
ac_ct_CC=''
ac_ct_RANLIB=''
ac_ct_STRIP=''
am__fastdepCC_FALSE=''
am__fastdepCC_TRUE=''
am__include=''
am__leading_dot='.'
am__quote=''
am__tar=''
am__untar=''
bindir='${exec_prefix}/bin'
build='i386-apple-darwin9.6.0'
build_alias=''
build_cpu='i386'
build_os='darwin9.6.0'
build_vendor='apple'
datadir='${prefix}/share'
exec_prefix='NONE'
host='arm-apple-darwin'
host_alias='arm-apple-darwin'
host_cpu='arm'
host_os='darwin'
host_vendor='apple'
includedir='/Users/red/Projects/ecl/ecl-git/build/ecl/gc/'
infodir='${prefix}/info'
install_sh=''
libdir='/Users/red/Projects/ecl/ecl-git/build'
libexecdir='${exec_prefix}/libexec'
localstatedir='${prefix}/var'
mandir='${prefix}/man'
mkdir_p='$(mkinstalldirs)'
oldincludedir='/usr/include'
prefix='/Users/red/Projects/ecl/ecl-git/build'
program_transform_name='s,x,x,'
sbindir='${exec_prefix}/sbin'
sharedstatedir='${prefix}/com'
sysconfdir='${prefix}/etc'
target='arm-apple-darwin'
target_alias=''
target_cpu='arm'
target_os='darwin'
target_vendor='apple'

## ----------- ##
## confdefs.h. ##
## ----------- ##

#define PACKAGE_BUGREPORT ""
#define PACKAGE_NAME "libatomic_ops"
#define PACKAGE_STRING "libatomic_ops 1.2"
#define PACKAGE_TARNAME "libatomic_ops"
#define PACKAGE_VERSION "1.2"

configure: exit 1
